<?xml version="1.0" encoding="UTF-8"?>
<robot generator="Robot 7.0 (Python 3.12.2 on win32)" generated="2024-04-07T21:31:54.262620" rpa="false" schemaversion="5">
<suite id="s1" name="Enviarform" source="C:\Users\viyte\OneDrive\Documentos\GitHub\Teste-Lekto1\Desafio1\enviarform.robot">
<test id="s1-t1" name="Cenário 1 : Acessar a url." line="10">
<kw name="Abrir" owner="keywords">
<kw name="Open Browser" owner="SeleniumLibrary">
<msg time="2024-04-07T21:31:54.730620" level="INFO">Opening browser 'chrome' to base url 'https://www.lekto.com.br/'.</msg>
<arg>https://www.lekto.com.br/</arg>
<arg>chrome</arg>
<doc>Opens a new browser instance to the optional ``url``.</doc>
<status status="PASS" start="2024-04-07T21:31:54.730620" elapsed="3.946615"/>
</kw>
<status status="PASS" start="2024-04-07T21:31:54.729623" elapsed="3.948612"/>
</kw>
<status status="PASS" start="2024-04-07T21:31:54.729623" elapsed="3.948612"/>
</test>
<test id="s1-t2" name="Cenário 2 : Acessar área de agendar uma apresentação." line="13">
<kw name="Acessar" owner="keywords">
<kw name="Wait Until Element Is Visible" owner="SeleniumLibrary">
<arg>${Button_apresentação}</arg>
<doc>Waits until the element ``locator`` is visible.</doc>
<status status="PASS" start="2024-04-07T21:31:58.680233" elapsed="0.073170"/>
</kw>
<kw name="Click Element" owner="SeleniumLibrary">
<msg time="2024-04-07T21:31:58.754402" level="INFO">Clicking element '//a[@href='#contato'][contains(.,'Agende uma apresentação')]'.</msg>
<arg>${Button_apresentação}</arg>
<doc>Click the element identified by ``locator``.</doc>
<status status="PASS" start="2024-04-07T21:31:58.754402" elapsed="0.140562"/>
</kw>
<status status="PASS" start="2024-04-07T21:31:58.679232" elapsed="0.215732"/>
</kw>
<status status="PASS" start="2024-04-07T21:31:58.679232" elapsed="0.215732"/>
</test>
<test id="s1-t3" name="Cenário 3 : Preencher o campo Nome." line="16">
<kw name="Nome" owner="keywords">
<kw name="Wait Until Element Is Visible" owner="SeleniumLibrary">
<arg>${Nome}</arg>
<doc>Waits until the element ``locator`` is visible.</doc>
<status status="PASS" start="2024-04-07T21:31:58.896964" elapsed="0.097288"/>
</kw>
<kw name="First Name" owner="FakerLibrary">
<msg time="2024-04-07T21:31:58.994252" level="INFO">${Primeiro Nome} = Emanuella</msg>
<var>${Primeiro Nome}</var>
<status status="PASS" start="2024-04-07T21:31:58.994252" elapsed="0.000000"/>
</kw>
<kw name="Last Name" owner="FakerLibrary">
<msg time="2024-04-07T21:31:58.994252" level="INFO">${Sobrenome} = da Costa</msg>
<var>${Sobrenome}</var>
<status status="PASS" start="2024-04-07T21:31:58.994252" elapsed="0.000000"/>
</kw>
<kw name="Input Text" owner="SeleniumLibrary">
<msg time="2024-04-07T21:31:58.995252" level="INFO">Typing text 'Emanuella da Costa' into text field '//input[contains(@id,'167399-field')]'.</msg>
<arg>${Nome}</arg>
<arg>${Primeiro Nome } ${ Sobrenome}</arg>
<doc>Types the given ``text`` into the text field identified by ``locator``.</doc>
<status status="PASS" start="2024-04-07T21:31:58.994252" elapsed="0.306970"/>
</kw>
<status status="PASS" start="2024-04-07T21:31:58.896964" elapsed="0.404258"/>
</kw>
<status status="PASS" start="2024-04-07T21:31:58.895963" elapsed="0.406259"/>
</test>
<test id="s1-t4" name="Cenário 4 : Preencher o campo E-mail." line="19">
<kw name="E-mail" owner="keywords">
<kw name="Free Email" owner="FakerLibrary">
<msg time="2024-04-07T21:31:59.303732" level="INFO">${EmailData} = duartevitoria@yahoo.com.br</msg>
<var>${EmailData}</var>
<status status="PASS" start="2024-04-07T21:31:59.303732" elapsed="0.000000"/>
</kw>
<kw name="Input Text" owner="SeleniumLibrary">
<msg time="2024-04-07T21:31:59.303732" level="INFO">Typing text 'duartevitoria@yahoo.com.br' into text field '//input[contains(@type,'email')]'.</msg>
<arg>${Email}</arg>
<arg>${EmailData}</arg>
<doc>Types the given ``text`` into the text field identified by ``locator``.</doc>
<status status="PASS" start="2024-04-07T21:31:59.303732" elapsed="0.430944"/>
</kw>
<status status="PASS" start="2024-04-07T21:31:59.302727" elapsed="0.431949"/>
</kw>
<status status="PASS" start="2024-04-07T21:31:59.302727" elapsed="0.431949"/>
</test>
<test id="s1-t5" name="Cenário 5 : Preencher o campo Telefone." line="22">
<kw name="Telefone" owner="keywords">
<kw name="Phone Number" owner="FakerLibrary">
<msg time="2024-04-07T21:31:59.737190" level="INFO">${TelefoneData} = (071) 4857-2520</msg>
<var>${TelefoneData}</var>
<status status="PASS" start="2024-04-07T21:31:59.737190" elapsed="0.000000"/>
</kw>
<kw name="Input Text" owner="SeleniumLibrary">
<msg time="2024-04-07T21:31:59.737190" level="INFO">Typing text '(071) 4857-2520' into text field '//input[@id='text-yui_3_17_2_1_1593039425574_26431-field']'.</msg>
<arg>${Telefone}</arg>
<arg>${TelefoneData}</arg>
<doc>Types the given ``text`` into the text field identified by ``locator``.</doc>
<status status="PASS" start="2024-04-07T21:31:59.737190" elapsed="0.672838"/>
</kw>
<status status="PASS" start="2024-04-07T21:31:59.736182" elapsed="0.673846"/>
</kw>
<status status="PASS" start="2024-04-07T21:31:59.736182" elapsed="0.673846"/>
</test>
<test id="s1-t6" name="Cenário 6 : Preencher o campo Mensagem." line="25">
<kw name="Mensagem" owner="keywords">
<kw name="Text" owner="FakerLibrary">
<msg time="2024-04-07T21:32:00.412028" level="INFO">${MensagemText} = Error ipsa quae voluptate qui. Voluptatum quia nisi quo occaecati placeat. Numquam consectetur atque laboriosam. Fugiat asperiores dicta temporibus molestias voluptas adipisci.</msg>
<var>${MensagemText}</var>
<doc>Generate a text string.</doc>
<status status="PASS" start="2024-04-07T21:32:00.412028" elapsed="0.000000"/>
</kw>
<kw name="Input Text" owner="SeleniumLibrary">
<msg time="2024-04-07T21:32:00.412028" level="INFO">Typing text 'Error ipsa quae voluptate qui. Voluptatum quia nisi quo occaecati placeat. Numquam consectetur atque laboriosam. Fugiat asperiores dicta temporibus molestias voluptas adipisci.' into text field '//textarea[@id='textarea-yui_3_17_2_1_1593039425574_26432-field']'.</msg>
<arg>${Mensagem}</arg>
<arg>${MensagemText}</arg>
<doc>Types the given ``text`` into the text field identified by ``locator``.</doc>
<status status="PASS" start="2024-04-07T21:32:00.412028" elapsed="0.653279"/>
</kw>
<status status="PASS" start="2024-04-07T21:32:00.411028" elapsed="0.654279"/>
</kw>
<status status="PASS" start="2024-04-07T21:32:00.411028" elapsed="0.654279"/>
</test>
<test id="s1-t7" name="Cenário 7 : Preencher o campo listagem." line="28">
<kw name="Listagem" owner="keywords">
<kw name="Select From List By Label" owner="SeleniumLibrary">
<msg time="2024-04-07T21:32:01.067307" level="INFO">Selecting options from selection list 'select-yui_3_17_2_1_1593033605278_168358-field' by label Família.</msg>
<arg>select-yui_3_17_2_1_1593033605278_168358-field</arg>
<arg>Família</arg>
<doc>Selects options from selection list ``locator`` by ``labels``.</doc>
<status status="PASS" start="2024-04-07T21:32:01.067307" elapsed="0.246567"/>
</kw>
<status status="PASS" start="2024-04-07T21:32:01.067307" elapsed="0.246567"/>
</kw>
<status status="PASS" start="2024-04-07T21:32:01.066307" elapsed="0.248566"/>
</test>
<test id="s1-t8" name="Cenário 8 : Clicar no botão de envio e finalizar o cadastro." line="31">
<kw name="Enviar" owner="keywords">
<kw name="Click Element" owner="SeleniumLibrary">
<msg time="2024-04-07T21:32:01.315873" level="INFO">Clicking element '//span[contains(@class,'form-submit-button-label')]'.</msg>
<arg>${Submit}</arg>
<doc>Click the element identified by ``locator``.</doc>
<status status="PASS" start="2024-04-07T21:32:01.315873" elapsed="0.112378"/>
</kw>
<kw name="Sleep" owner="BuiltIn">
<msg time="2024-04-07T21:32:06.429671" level="INFO">Slept 5 seconds.</msg>
<arg>5s</arg>
<doc>Pauses the test executed for the given time.</doc>
<status status="PASS" start="2024-04-07T21:32:01.429253" elapsed="5.000418"/>
</kw>
<status status="PASS" start="2024-04-07T21:32:01.315873" elapsed="5.113798"/>
</kw>
<status status="PASS" start="2024-04-07T21:32:01.314873" elapsed="5.114798"/>
</test>
<status status="PASS" start="2024-04-07T21:31:54.263620" elapsed="12.167417"/>
</suite>
<statistics>
<total>
<stat pass="8" fail="0" skip="0">All Tests</stat>
</total>
<tag>
</tag>
<suite>
<stat pass="8" fail="0" skip="0" id="s1" name="Enviarform">Enviarform</stat>
</suite>
</statistics>
<errors>
</errors>
</robot>
